<?xml version="1.0" encoding="UTF-8"?>
<testng-results skipped="0" failed="1" ignored="0" total="2" passed="1">
  <reporter-output>
  </reporter-output>
  <suite name="Default suite" duration-ms="24250" started-at="2020-03-17T12:30:27Z" finished-at="2020-03-17T12:30:52Z">
    <groups>
    </groups>
    <test name="Default test" duration-ms="24250" started-at="2020-03-17T12:30:27Z" finished-at="2020-03-17T12:30:52Z">
      <class name="com.test.LoginTest">
        <test-method status="PASS" signature="setUpSuite()[pri:0, instance:com.test.LoginTest@4f7d0008]" name="setUpSuite" is-config="true" duration-ms="296" started-at="2020-03-17T12:30:27Z" finished-at="2020-03-17T12:30:27Z">
          <reporter-output>
          </reporter-output>
        </test-method> <!-- setUpSuite -->
        <test-method status="PASS" signature="getClassName()[pri:0, instance:com.test.LoginTest@4f7d0008]" name="getClassName" is-config="true" duration-ms="15" started-at="2020-03-17T12:30:27Z" finished-at="2020-03-17T12:30:27Z">
          <reporter-output>
          </reporter-output>
        </test-method> <!-- getClassName -->
        <test-method status="PASS" signature="intialization(java.lang.reflect.Method)[pri:0, instance:com.test.LoginTest@4f7d0008]" name="intialization" is-config="true" duration-ms="7668" started-at="2020-03-17T12:30:27Z" finished-at="2020-03-17T12:30:35Z">
          <params>
            <param index="0">
              <value>
                <![CDATA[public void com.test.LoginTest.checkErrorMessageForEmail() throws java.io.IOException]]>
              </value>
            </param>
          </params>
          <reporter-output>
          </reporter-output>
        </test-method> <!-- intialization -->
        <test-method status="PASS" signature="checkErrorMessageForEmail()[pri:1, instance:com.test.LoginTest@4f7d0008]" name="checkErrorMessageForEmail" duration-ms="634" started-at="2020-03-17T12:30:35Z" finished-at="2020-03-17T12:30:36Z">
          <reporter-output>
          </reporter-output>
        </test-method> <!-- checkErrorMessageForEmail -->
        <test-method status="PASS" signature="closeBrowser()[pri:0, instance:com.test.LoginTest@4f7d0008]" name="closeBrowser" is-config="true" duration-ms="1400" started-at="2020-03-17T12:30:36Z" finished-at="2020-03-17T12:30:37Z">
          <reporter-output>
          </reporter-output>
        </test-method> <!-- closeBrowser -->
        <test-method status="PASS" signature="intialization(java.lang.reflect.Method)[pri:0, instance:com.test.LoginTest@4f7d0008]" name="intialization" is-config="true" duration-ms="8558" started-at="2020-03-17T12:30:37Z" finished-at="2020-03-17T12:30:46Z">
          <params>
            <param index="0">
              <value>
                <![CDATA[public void com.test.LoginTest.checkErrorMessageForPassword() throws java.io.IOException]]>
              </value>
            </param>
          </params>
          <reporter-output>
          </reporter-output>
        </test-method> <!-- intialization -->
        <test-method status="FAIL" signature="checkErrorMessageForPassword()[pri:2, instance:com.test.LoginTest@4f7d0008]" name="checkErrorMessageForPassword" duration-ms="1017" started-at="2020-03-17T12:30:46Z" finished-at="2020-03-17T12:30:47Z">
          <exception class="java.lang.AssertionError">
            <message>
              <![CDATA[The following asserts failed:
expected [Please enters password 123456] but found [Please enter password 123456]]]>
            </message>
            <full-stacktrace>
              <![CDATA[java.lang.AssertionError: The following asserts failed:
expected [Please enters password 123456] but found [Please enter password 123456]
at org.testng.asserts.SoftAssert.assertAll(SoftAssert.java:43)
at com.Util.Utility.assertAll(Utility.java:79)
at com.test.LoginTest.checkErrorMessageForPassword(LoginTest.java:61)
at sun.reflect.NativeMethodAccessorImpl.invoke0(Native Method)
at sun.reflect.NativeMethodAccessorImpl.invoke(NativeMethodAccessorImpl.java:62)
at sun.reflect.DelegatingMethodAccessorImpl.invoke(DelegatingMethodAccessorImpl.java:43)
at java.lang.reflect.Method.invoke(Method.java:498)
at org.testng.internal.MethodInvocationHelper.invokeMethod(MethodInvocationHelper.java:124)
at org.testng.internal.Invoker.invokeMethod(Invoker.java:583)
at org.testng.internal.Invoker.invokeTestMethod(Invoker.java:719)
at org.testng.internal.Invoker.invokeTestMethods(Invoker.java:989)
at org.testng.internal.TestMethodWorker.invokeTestMethods(TestMethodWorker.java:125)
at org.testng.internal.TestMethodWorker.run(TestMethodWorker.java:109)
at org.testng.TestRunner.privateRun(TestRunner.java:648)
at org.testng.TestRunner.run(TestRunner.java:505)
at org.testng.SuiteRunner.runTest(SuiteRunner.java:455)
at org.testng.SuiteRunner.runSequentially(SuiteRunner.java:450)
at org.testng.SuiteRunner.privateRun(SuiteRunner.java:415)
at org.testng.SuiteRunner.run(SuiteRunner.java:364)
at org.testng.SuiteRunnerWorker.runSuite(SuiteRunnerWorker.java:52)
at org.testng.SuiteRunnerWorker.run(SuiteRunnerWorker.java:84)
at org.testng.TestNG.runSuitesSequentially(TestNG.java:1208)
at org.testng.TestNG.runSuitesLocally(TestNG.java:1137)
at org.testng.TestNG.runSuites(TestNG.java:1049)
at org.testng.TestNG.run(TestNG.java:1017)
at org.testng.remote.AbstractRemoteTestNG.run(AbstractRemoteTestNG.java:132)
at org.testng.remote.RemoteTestNG.initAndRun(RemoteTestNG.java:236)
at org.testng.remote.RemoteTestNG.main(RemoteTestNG.java:81)
]]>
            </full-stacktrace>
          </exception> <!-- java.lang.AssertionError -->
          <reporter-output>
          </reporter-output>
        </test-method> <!-- checkErrorMessageForPassword -->
        <test-method status="PASS" signature="closeBrowser()[pri:0, instance:com.test.LoginTest@4f7d0008]" name="closeBrowser" is-config="true" duration-ms="4903" started-at="2020-03-17T12:30:47Z" finished-at="2020-03-17T12:30:52Z">
          <reporter-output>
          </reporter-output>
        </test-method> <!-- closeBrowser -->
      </class> <!-- com.test.LoginTest -->
    </test> <!-- Default test -->
  </suite> <!-- Default suite -->
</testng-results>
